<?xml version="1.0" encoding="UTF-8"?>
<!-- Generated by org.testng.reporters.JUnitReportReporter -->
<testsuite hostname="DESKTOP-4BCKCKB" failures="0" tests="1" name="Testcases.TC2_SignInAccountPage" time="3.484" errors="0" timestamp="2023-12-31T01:47:55 IST" skipped="0">
  <testcase classname="Testcases.TC2_SignInAccountPage" name="verifylogin" time="3.484"/>
  <system-out/>
</testsuite> <!-- Testcases.TC2_SignInAccountPage -->
